<defSwitchVector device="CCD Simulator" name="CONNECTION" label="Connection" group="Main Control" state="Idle" perm="rw" rule="OneOfMany" timeout="60" timestamp="2025-03-11T12:43:02">
    <defSwitch name="CONNECT" label="Connect">
Off
    </defSwitch>
    <defSwitch name="DISCONNECT" label="Disconnect">
On
    </defSwitch>
</defSwitchVector>

<defTextVector device="CCD Simulator" name="DRIVER_INFO" label="Driver Info" group="General Info" state="Idle" perm="ro" timeout="60" timestamp="2025-03-11T12:43:02">
    <defText name="DRIVER_NAME" label="Name">
CCD Simulator
    </defText>
    <defText name="DRIVER_EXEC" label="Exec">
indi_simulator_ccd
    </defText>
    <defText name="DRIVER_VERSION" label="Version">
1.0
    </defText>
    <defText name="DRIVER_INTERFACE" label="Interface">
22
    </defText>
</defTextVector>
<defNumberVector device="CCD Simulator" name="POLLING_PERIOD" label="Polling" group="Options" state="Ok" perm="rw" timeout="0" timestamp="2025-03-11T12:43:02">
    <defNumber name="PERIOD_MS" label="Period (ms)" format="%.f" min="10" max="600000" step="1000">
1000
    </defNumber>
</defNumberVector>
<defSwitchVector device="CCD Simulator" name="DEBUG" label="Debug" group="Options" state="Ok" perm="rw" rule="OneOfMany" timeout="0" timestamp="2025-03-11T12:43:02">
    <defSwitch name="ENABLE" label="Enable">
Off
    </defSwitch>
    <defSwitch name="DISABLE" label="Disable">
On
    </defSwitch>
</defSwitchVector>
<defSwitchVector device="CCD Simulator" name="CONFIG_PROCESS" label="Configuration" group="Options" state="Idle" perm="rw" rule="AtMostOne" timeout="0" timestamp="2025-03-11T12:43:02">
    <defSwitch name="CONFIG_LOAD" label="Load">
Off
    </defSwitch>
    <defSwitch name="CONFIG_SAVE" label="Save">
Off
    </defSwitch>
    <defSwitch name="CONFIG_DEFAULT" label="Default">
Off
    </defSwitch>
    <defSwitch name="CONFIG_PURGE" label="Purge">
Off
    </defSwitch>
</defSwitchVector>
<defTextVector device="CCD Simulator" name="ACTIVE_DEVICES" label="Snoop devices" group="Options" state="Idle" perm="rw" timeout="60" timestamp="2025-03-11T12:43:02">
    <defText name="ACTIVE_TELESCOPE" label="Telescope">
Telescope Simulator
    </defText>
    <defText name="ACTIVE_ROTATOR" label="Rotator">
Rotator Simulator
    </defText>
    <defText name="ACTIVE_FOCUSER" label="Focuser">
Focuser Simulator
    </defText>
    <defText name="ACTIVE_FILTER" label="Filter">
CCD Simulator
    </defText>
    <defText name="ACTIVE_SKYQUALITY" label="Sky Quality">
SQM
    </defText>
</defTextVector>
<defNumberVector device="CCD Simulator" name="SIMULATOR_SETTINGS" label="Settings" group="Simulator Config" state="Idle" perm="rw" timeout="60" timestamp="2025-03-11T12:43:02">
    <defNumber name="SIM_XRES" label="CCD X resolution" format="%4.0f" min="512" max="8192" step="512">
1280
    </defNumber>
    <defNumber name="SIM_YRES" label="CCD Y resolution" format="%4.0f" min="512" max="8192" step="512">
1024
    </defNumber>
    <defNumber name="SIM_XSIZE" label="CCD X Pixel Size" format="%4.2f" min="1" max="30" step="5">
5.2000000000000001776
    </defNumber>
    <defNumber name="SIM_YSIZE" label="CCD Y Pixel Size" format="%4.2f" min="1" max="30" step="5">
5.2000000000000001776
    </defNumber>
    <defNumber name="SIM_MAXVAL" label="CCD Maximum ADU" format="%4.0f" min="255" max="65000" step="1000">
65000
    </defNumber>
    <defNumber name="SIM_SATURATION" label="Saturation Mag" format="%4.1f" min="0" max="20" step="1">
1
    </defNumber>
    <defNumber name="SIM_LIMITINGMAG" label="Limiting Mag" format="%4.1f" min="0" max="20" step="1">
17
    </defNumber>
    <defNumber name="SIM_NOISE" label="CCD Noise" format="%4.0f" min="0" max="6000" step="500">
10
    </defNumber>
    <defNumber name="SIM_SKYGLOW" label="Sky Glow (magnitudes)" format="%4.1f" min="0" max="6000" step="500">
19.5
    </defNumber>
    <defNumber name="SIM_OAGOFFSET" label="Oag Offset (arcminutes)" format="%4.1f" min="0" max="6000" step="500">
0
    </defNumber>
    <defNumber name="SIM_POLAR" label="PAE (arcminutes)" format="%4.1f" min="-600" max="600" step="100">
0
    </defNumber>
    <defNumber name="SIM_POLARDRIFT" label="PAE Drift (minutes)" format="%4.1f" min="0" max="60" step="5">
0
    </defNumber>
    <defNumber name="SIM_PEPERIOD" label="PE Period (seconds)" format="%4.1f" min="0" max="60" step="5">
0
    </defNumber>
    <defNumber name="SIM_PEMAX" label="PE Max (arcsec)" format="%4.1f" min="0" max="6000" step="500">
0
    </defNumber>
    <defNumber name="SIM_TIME_FACTOR" label="Time Factor (x)" format="%.2f" min="0.010000000000000000208" max="100" step="10">
1
    </defNumber>
    <defNumber name="SIM_ROTATION" label="CCD Rotation" format="%.2f" min="0" max="360" step="10">
0
    </defNumber>
</defNumberVector>
<defNumberVector device="CCD Simulator" name="EQUATORIAL_PE" label="EQ PE" group="Simulator Config" state="Idle" perm="rw" timeout="60" timestamp="2025-03-11T12:43:02">
    <defNumber name="RA_PE" label="RA (hh:mm:ss)" format="%010.6m" min="0" max="24" step="0">
0
    </defNumber>
    <defNumber name="DEC_PE" label="DEC (dd:mm:ss)" format="%010.6m" min="-90" max="90" step="0">
0
    </defNumber>
</defNumberVector>
<defNumberVector device="CCD Simulator" name="SIM_FOCUSING" label="Focus Simulation" group="Simulator Config" state="Idle" perm="rw" timeout="60" timestamp="2025-03-11T12:43:02">
    <defNumber name="SIM_FOCUS_POSITION" label="Focus" format="%.f" min="0" max="100000" step="1">
36700
    </defNumber>
    <defNumber name="SIM_FOCUS_MAX" label="Max. Position" format="%.f" min="0" max="100000" step="1">
100000
    </defNumber>
    <defNumber name="SIM_SEEING" label="Seeing (arcsec)" format="%4.2f" min="0" max="60" step="0">
3.5
    </defNumber>
</defNumberVector>
<defSwitchVector device="CCD Simulator" name="SIMULATE_BAYER" label="Bayer" group="Simulator Config" state="Idle" perm="rw" rule="OneOfMany" timeout="60" timestamp="2025-03-11T12:43:02">
    <defSwitch name="INDI_ENABLED" label="Enabled">
Off
    </defSwitch>
    <defSwitch name="INDI_DISABLED" label="Disabled">
On
    </defSwitch>
</defSwitchVector>
<defSwitchVector device="CCD Simulator" name="CCD_SIMULATE_CRASH" label="Crash" group="Simulator Config" state="Idle" perm="wo" rule="AtMostOne" timeout="0" timestamp="2025-03-11T12:43:02">
    <defSwitch name="CRASH" label="Crash driver">
Off
    </defSwitch>
</defSwitchVector>
<defTextVector device="CCD Simulator" name="ACTIVE_DEVICES" label="Snoop devices" group="Options" state="Idle" perm="rw" timeout="60" timestamp="2025-03-11T12:43:02">
    <defText name="ACTIVE_TELESCOPE" label="Telescope">
Telescope Simulator
    </defText>
    <defText name="ACTIVE_ROTATOR" label="Rotator">
Rotator Simulator
    </defText>
    <defText name="ACTIVE_FOCUSER" label="Focuser">
Focuser Simulator
    </defText>
    <defText name="ACTIVE_FILTER" label="Filter">
CCD Simulator
    </defText>
    <defText name="ACTIVE_SKYQUALITY" label="Sky Quality">
SQM
    </defText>
</defTextVector>
<defNumberVector device="CCD Simulator" name="SIMULATOR_SETTINGS" label="Settings" group="Simulator Config" state="Idle" perm="rw" timeout="60" timestamp="2025-03-11T12:43:02">
    <defNumber name="SIM_XRES" label="CCD X resolution" format="%4.0f" min="512" max="8192" step="512">
1280
    </defNumber>
    <defNumber name="SIM_YRES" label="CCD Y resolution" format="%4.0f" min="512" max="8192" step="512">
1024
    </defNumber>
    <defNumber name="SIM_XSIZE" label="CCD X Pixel Size" format="%4.2f" min="1" max="30" step="5">
5.2000000000000001776
    </defNumber>
    <defNumber name="SIM_YSIZE" label="CCD Y Pixel Size" format="%4.2f" min="1" max="30" step="5">
5.2000000000000001776
    </defNumber>
    <defNumber name="SIM_MAXVAL" label="CCD Maximum ADU" format="%4.0f" min="255" max="65000" step="1000">
65000
    </defNumber>
    <defNumber name="SIM_SATURATION" label="Saturation Mag" format="%4.1f" min="0" max="20" step="1">
1
    </defNumber>
    <defNumber name="SIM_LIMITINGMAG" label="Limiting Mag" format="%4.1f" min="0" max="20" step="1">
17
    </defNumber>
    <defNumber name="SIM_NOISE" label="CCD Noise" format="%4.0f" min="0" max="6000" step="500">
10
    </defNumber>
    <defNumber name="SIM_SKYGLOW" label="Sky Glow (magnitudes)" format="%4.1f" min="0" max="6000" step="500">
19.5
    </defNumber>
    <defNumber name="SIM_OAGOFFSET" label="Oag Offset (arcminutes)" format="%4.1f" min="0" max="6000" step="500">
0
    </defNumber>
    <defNumber name="SIM_POLAR" label="PAE (arcminutes)" format="%4.1f" min="-600" max="600" step="100">
0
    </defNumber>
    <defNumber name="SIM_POLARDRIFT" label="PAE Drift (minutes)" format="%4.1f" min="0" max="60" step="5">
0
    </defNumber>
    <defNumber name="SIM_PEPERIOD" label="PE Period (seconds)" format="%4.1f" min="0" max="60" step="5">
0
    </defNumber>
    <defNumber name="SIM_PEMAX" label="PE Max (arcsec)" format="%4.1f" min="0" max="6000" step="500">
0
    </defNumber>
    <defNumber name="SIM_TIME_FACTOR" label="Time Factor (x)" format="%.2f" min="0.010000000000000000208" max="100" step="10">
1
    </defNumber>
    <defNumber name="SIM_ROTATION" label="CCD Rotation" format="%.2f" min="0" max="360" step="10">
0
    </defNumber>
</defNumberVector>
<defNumberVector device="CCD Simulator" name="EQUATORIAL_PE" label="EQ PE" group="Simulator Config" state="Idle" perm="rw" timeout="60" timestamp="2025-03-11T12:43:02">
    <defNumber name="RA_PE" label="RA (hh:mm:ss)" format="%010.6m" min="0" max="24" step="0">
0
    </defNumber>
    <defNumber name="DEC_PE" label="DEC (dd:mm:ss)" format="%010.6m" min="-90" max="90" step="0">
0
    </defNumber>
</defNumberVector>
<defNumberVector device="CCD Simulator" name="SIM_FOCUSING" label="Focus Simulation" group="Simulator Config" state="Idle" perm="rw" timeout="60" timestamp="2025-03-11T12:43:02">
    <defNumber name="SIM_FOCUS_POSITION" label="Focus" format="%.f" min="0" max="100000" step="1">
36700
    </defNumber>
    <defNumber name="SIM_FOCUS_MAX" label="Max. Position" format="%.f" min="0" max="100000" step="1">
100000
    </defNumber>
    <defNumber name="SIM_SEEING" label="Seeing (arcsec)" format="%4.2f" min="0" max="60" step="0">
3.5
    </defNumber>
</defNumberVector>
<defSwitchVector device="CCD Simulator" name="SIMULATE_BAYER" label="Bayer" group="Simulator Config" state="Idle" perm="rw" rule="OneOfMany" timeout="60" timestamp="2025-03-11T12:43:02">
    <defSwitch name="INDI_ENABLED" label="Enabled">
Off
    </defSwitch>
    <defSwitch name="INDI_DISABLED" label="Disabled">
On
    </defSwitch>
</defSwitchVector>
<defSwitchVector device="CCD Simulator" name="CCD_SIMULATE_CRASH" label="Crash" group="Simulator Config" state="Idle" perm="wo" rule="AtMostOne" timeout="0" timestamp="2025-03-11T12:43:02">
    <defSwitch name="CRASH" label="Crash driver">
Off
    </defSwitch>
</defSwitchVector>

<setSwitchVector device="CCD Simulator" name="CONNECTION" state="Ok" timeout="60" timestamp="2025-03-11T12:43:07">
    <oneSwitch name="CONNECT">
On
    </oneSwitch>
    <oneSwitch name="DISCONNECT">
Off
    </oneSwitch>
</setSwitchVector>

<defNumberVector device="CCD Simulator" name="CCD_EXPOSURE" label="Expose" group="Main Control" state="Idle" perm="rw" timeout="60" timestamp="2025-03-11T12:43:07">
    <defNumber name="CCD_EXPOSURE_VALUE" label="Duration (s)" format="%5.2f" min="0.010000000000000000208" max="3600" step="1">
1
    </defNumber>
</defNumberVector>
<defSwitchVector device="CCD Simulator" name="CCD_ABORT_EXPOSURE" label="Abort" group="Main Control" state="Idle" perm="rw" rule="AtMostOne" timeout="60" timestamp="2025-03-11T12:43:07">
    <defSwitch name="ABORT" label="Abort">
Off
    </defSwitch>
</defSwitchVector>
<defNumberVector device="CCD Simulator" name="CCD_FRAME" label="Frame" group="Image Settings" state="Idle" perm="rw" timeout="60" timestamp="2025-03-11T12:43:07">
    <defNumber name="X" label="Left " format="%4.0f" min="0" max="0" step="0">
0
    </defNumber>
    <defNumber name="Y" label="Top" format="%4.0f" min="0" max="0" step="0">
0
    </defNumber>
    <defNumber name="WIDTH" label="Width" format="%4.0f" min="0" max="0" step="0">
0
    </defNumber>
    <defNumber name="HEIGHT" label="Height" format="%4.0f" min="0" max="0" step="0">
0
    </defNumber>
</defNumberVector>
<defSwitchVector device="CCD Simulator" name="CCD_FRAME_RESET" label="Frame Values" group="Image Settings" state="Idle" perm="wo" rule="OneOfMany" timeout="0" timestamp="2025-03-11T12:43:07">
    <defSwitch name="RESET" label="Reset">
Off
    </defSwitch>
</defSwitchVector>
<defNumberVector device="CCD Simulator" name="CCD_BINNING" label="Binning" group="Image Settings" state="Idle" perm="rw" timeout="60" timestamp="2025-03-11T12:43:07">
    <defNumber name="HOR_BIN" label="X" format="%2.0f" min="1" max="4" step="1">
1
    </defNumber>
    <defNumber name="VER_BIN" label="Y" format="%2.0f" min="1" max="4" step="1">
1
    </defNumber>
</defNumberVector>
<defTextVector device="CCD Simulator" name="FITS_HEADER" label="FITS Header" group="General Info" state="Idle" perm="wo" timeout="60" timestamp="2025-03-11T12:43:07">
    <defText name="KEYWORD_NAME" label="Name"/>
    <defText name="KEYWORD_VALUE" label="Value"/>
    <defText name="KEYWORD_COMMENT" label="Comment"/>
</defTextVector>
<defNumberVector device="CCD Simulator" name="GUIDER_EXPOSURE" label="Guide Head" group="Main Control" state="Idle" perm="rw" timeout="60" timestamp="2025-03-11T12:43:07">
    <defNumber name="GUIDER_EXPOSURE_VALUE" label="Duration (s)" format="%5.2f" min="0.010000000000000000208" max="3600" step="1">
1
    </defNumber>
</defNumberVector>
<defSwitchVector device="CCD Simulator" name="GUIDER_ABORT_EXPOSURE" label="Abort" group="Main Control" state="Idle" perm="rw" rule="AtMostOne" timeout="60" timestamp="2025-03-11T12:43:07">
    <defSwitch name="ABORT" label="Abort">
Off
    </defSwitch>
</defSwitchVector>
<defNumberVector device="CCD Simulator" name="GUIDER_FRAME" label="Frame" group="Guider Head" state="Idle" perm="rw" timeout="60" timestamp="2025-03-11T12:43:07">
    <defNumber name="X" label="Left " format="%4.0f" min="0" max="0" step="0">
0
    </defNumber>
    <defNumber name="Y" label="Top" format="%4.0f" min="0" max="0" step="0">
0
    </defNumber>
    <defNumber name="WIDTH" label="Width" format="%4.0f" min="0" max="0" step="0">
0
    </defNumber>
    <defNumber name="HEIGHT" label="Height" format="%4.0f" min="0" max="0" step="0">
0
    </defNumber>
</defNumberVector>
<defNumberVector device="CCD Simulator" name="CCD_TEMPERATURE" label="Temperature" group="Main Control" state="Idle" perm="rw" timeout="60" timestamp="2025-03-11T12:43:07">
    <defNumber name="CCD_TEMPERATURE_VALUE" label="Temperature (C)" format="%5.2f" min="-50" max="50" step="0">
0
    </defNumber>
</defNumberVector>
<defNumberVector device="CCD Simulator" name="CCD_TEMP_RAMP" label="Temp. Ramp" group="Main Control" state="Idle" perm="rw" timeout="60" timestamp="2025-03-11T12:43:07">
    <defNumber name="RAMP_SLOPE" label="Max. dT (C/min)" format="%.f" min="0" max="30" step="1">
0
    </defNumber>
    <defNumber name="RAMP_THRESHOLD" label="Threshold (C)" format="%.1f" min="0.10000000000000000555" max="2" step="0.10000000000000000555">
0.2000000000000000111
    </defNumber>
</defNumberVector>
<defSwitchVector device="CCD Simulator" name="CCD_CAPTURE_FORMAT" label="Format" group="Image Settings" state="Idle" perm="rw" rule="OneOfMany" timeout="60" timestamp="2025-03-11T12:43:07">
    <defSwitch name="INDI_MONO" label="Mono">
On
    </defSwitch>
</defSwitchVector>
<defSwitchVector device="CCD Simulator" name="CCD_TRANSFER_FORMAT" label="Encode" group="Image Settings" state="Idle" perm="rw" rule="OneOfMany" timeout="60" timestamp="2025-03-11T12:43:07">
    <defSwitch name="FORMAT_FITS" label="FITS">
On
    </defSwitch>
    <defSwitch name="FORMAT_NATIVE" label="Native">
Off
    </defSwitch>
    <defSwitch name="FORMAT_XISF" label="XISF">
Off
    </defSwitch>
</defSwitchVector>
<defNumberVector device="CCD Simulator" name="CCD_INFO" label="CCD Information" group="Image Info" state="Idle" perm="ro" timeout="60" timestamp="2025-03-11T12:43:07">
    <defNumber name="CCD_MAX_X" label="Max. Width" format="%.f" min="1" max="16000" step="0">
0
    </defNumber>
    <defNumber name="CCD_MAX_Y" label="Max. Height" format="%.f" min="1" max="16000" step="0">
0
    </defNumber>
    <defNumber name="CCD_PIXEL_SIZE" label="Pixel size (um)" format="%.2f" min="1" max="40" step="0">
0
    </defNumber>
    <defNumber name="CCD_PIXEL_SIZE_X" label="Pixel size X" format="%.2f" min="1" max="40" step="0">
0
    </defNumber>
    <defNumber name="CCD_PIXEL_SIZE_Y" label="Pixel size Y" format="%.2f" min="1" max="40" step="0">
0
    </defNumber>
    <defNumber name="CCD_BITSPERPIXEL" label="Bits per pixel" format="%.f" min="8" max="64" step="0">
0
    </defNumber>
</defNumberVector>

<defNumberVector device="CCD Simulator" name="GUIDER_INFO" label="Info" group="Image Info" state="Idle" perm="ro" timeout="60" timestamp="2025-03-11T12:43:07">
    <defNumber name="CCD_MAX_X" label="Max. Width" format="%4.0f" min="1" max="16000" step="0">
0
    </defNumber>
    <defNumber name="CCD_MAX_Y" label="Max. Height" format="%4.0f" min="1" max="16000" step="0">
0
    </defNumber>
    <defNumber name="CCD_PIXEL_SIZE" label="Pixel size (um)" format="%5.2f" min="1" max="40" step="0">
0
    </defNumber>
    <defNumber name="CCD_PIXEL_SIZE_X" label="Pixel size X" format="%5.2f" min="1" max="40" step="0">
0
    </defNumber>
    <defNumber name="CCD_PIXEL_SIZE_Y" label="Pixel size Y" format="%5.2f" min="1" max="40" step="0">
0
    </defNumber>
    <defNumber name="CCD_BITSPERPIXEL" label="Bits per pixel" format="%3.0f" min="8" max="64" step="0">
0
    </defNumber>
</defNumberVector>
<defNumberVector device="CCD Simulator" name="GUIDER_BINNING" label="Binning" group="Guider Head" state="Idle" perm="rw" timeout="60" timestamp="2025-03-11T12:43:07">
    <defNumber name="HOR_BIN" label="X" format="%2.0f" min="1" max="4" step="1">
1
    </defNumber>
    <defNumber name="VER_BIN" label="Y" format="%2.0f" min="1" max="4" step="1">
1
    </defNumber>
</defNumberVector>
<defSwitchVector device="CCD Simulator" name="CCD_COMPRESSION" label="Compression" group="Image Settings" state="Idle" perm="rw" rule="OneOfMany" timeout="60" timestamp="2025-03-11T12:43:07">
    <defSwitch name="INDI_ENABLED" label="Enabled">
Off
    </defSwitch>
    <defSwitch name="INDI_DISABLED" label="Disabled">
On
    </defSwitch>
</defSwitchVector>
<defBLOBVector device="CCD Simulator" name="CCD1" label="Image Data" group="Image Info" state="Idle" perm="ro" timeout="60" timestamp="2025-03-11T12:43:07">
    <defBLOB name="CCD1" label="Image"/>
</defBLOBVector>
<defSwitchVector device="CCD Simulator" name="GUIDER_COMPRESSION" label="Compression" group="Guider Head" state="Idle" perm="rw" rule="OneOfMany" timeout="60" timestamp="2025-03-11T12:43:07">
    <defSwitch name="INDI_ENABLED" label="Enabled">
Off
    </defSwitch>
    <defSwitch name="INDI_DISABLED" label="Disabled">
On
    </defSwitch>
</defSwitchVector>
<defBLOBVector device="CCD Simulator" name="CCD2" label="Image Data" group="Image Info" state="Idle" perm="ro" timeout="60" timestamp="2025-03-11T12:43:07">
    <defBLOB name="CCD2" label="Guider Image"/>
</defBLOBVector>
<defNumberVector device="CCD Simulator" name="TELESCOPE_TIMED_GUIDE_NS" label="Guide N/S" group="Guider Control" state="Idle" perm="rw" timeout="60" timestamp="2025-03-11T12:43:07">
    <defNumber name="TIMED_GUIDE_N" label="North (ms)" format="%.f" min="0" max="60000" step="100">
0
    </defNumber>
    <defNumber name="TIMED_GUIDE_S" label="South (ms)" format="%.f" min="0" max="60000" step="100">
0
    </defNumber>
</defNumberVector>
<defNumberVector device="CCD Simulator" name="TELESCOPE_TIMED_GUIDE_WE" label="Guide E/W" group="Guider Control" state="Idle" perm="rw" timeout="60" timestamp="2025-03-11T12:43:07">
    <defNumber name="TIMED_GUIDE_W" label="West (ms)" format="%.f" min="0" max="60000" step="100">
0
    </defNumber>
    <defNumber name="TIMED_GUIDE_E" label="East (ms)" format="%.f" min="0" max="60000" step="100">
0
    </defNumber>
</defNumberVector>
<defSwitchVector device="CCD Simulator" name="CCD_FRAME_TYPE" label="Type" group="Image Settings" state="Idle" perm="rw" rule="OneOfMany" timeout="60" timestamp="2025-03-11T12:43:07">
    <defSwitch name="FRAME_LIGHT" label="Light">
On
    </defSwitch>
    <defSwitch name="FRAME_BIAS" label="Bias">
Off
    </defSwitch>
    <defSwitch name="FRAME_DARK" label="Dark">
Off
    </defSwitch>
    <defSwitch name="FRAME_FLAT" label="Flat">
Off
    </defSwitch>
</defSwitchVector>
<defSwitchVector device="CCD Simulator" name="GUIDER_FRAME_TYPE" label="Type" group="Guider Head" state="Idle" perm="rw" rule="OneOfMany" timeout="60" timestamp="2025-03-11T12:43:07">
    <defSwitch name="FRAME_LIGHT" label="Light">
On
    </defSwitch>
    <defSwitch name="FRAME_BIAS" label="Bias">
Off
    </defSwitch>
    <defSwitch name="FRAME_DARK" label="Dark">
Off
    </defSwitch>
    <defSwitch name="FRAME_FLAT" label="Flat">
Off
    </defSwitch>
</defSwitchVector>
<defNumberVector device="CCD Simulator" name="SCOPE_INFO" label="Scope" group="Options" state="Idle" perm="rw" timeout="60" timestamp="2025-03-11T12:43:07">
    <defNumber name="FOCAL_LENGTH" label="Focal Length (mm)" format="%g" min="0" max="10000" step="1">
0
    </defNumber>
    <defNumber name="APERTURE" label="Aperture (mm)" format="%g" min="0" max="3000" step="1">
0
    </defNumber>
</defNumberVector>
<defSwitchVector device="CCD Simulator" name="WCS_CONTROL" label="WCS" group="WCS" state="Idle" perm="rw" rule="OneOfMany" timeout="0" timestamp="2025-03-11T12:43:07">
    <defSwitch name="WCS_ENABLE" label="Enable">
Off
    </defSwitch>
    <defSwitch name="WCS_DISABLE" label="Disable">
On
    </defSwitch>
</defSwitchVector>
<defSwitchVector device="CCD Simulator" name="UPLOAD_MODE" label="Upload" group="Options" state="Idle" perm="rw" rule="OneOfMany" timeout="0" timestamp="2025-03-11T12:43:07">
    <defSwitch name="UPLOAD_CLIENT" label="Client">
On
    </defSwitch>
    <defSwitch name="UPLOAD_LOCAL" label="Local">
Off
    </defSwitch>
    <defSwitch name="UPLOAD_BOTH" label="Both">
Off
    </defSwitch>
</defSwitchVector>
<defTextVector device="CCD Simulator" name="UPLOAD_SETTINGS" label="Upload Settings" group="Options" state="Idle" perm="rw" timeout="60" timestamp="2025-03-11T12:43:07">
    <defText name="UPLOAD_DIR" label="Dir"/>
    <defText name="UPLOAD_PREFIX" label="Prefix">
IMAGE_XXX
    </defText>
</defTextVector>

<defSwitchVector device="CCD Simulator" name="CCD_FAST_TOGGLE" label="Fast Exposure" group="Options" state="Idle" perm="rw" rule="OneOfMany" timeout="0" timestamp="2025-03-11T12:43:07">
    <defSwitch name="INDI_ENABLED" label="Enabled">
Off
    </defSwitch>
    <defSwitch name="INDI_DISABLED" label="Disabled">
On
    </defSwitch>
</defSwitchVector>
<defNumberVector device="CCD Simulator" name="CCD_FAST_COUNT" label="Fast Count" group="Options" state="Idle" perm="rw" timeout="0" timestamp="2025-03-11T12:43:07">
    <defNumber name="FRAMES" label="Frames" format="%.f" min="0" max="100000" step="1">
1
    </defNumber>
</defNumberVector>
<defSwitchVector device="CCD Simulator" name="CCD_VIDEO_STREAM" label="Video Stream" group="Streaming" state="Idle" perm="rw" rule="OneOfMany" timeout="0" timestamp="2025-03-11T12:43:07">
    <defSwitch name="STREAM_ON" label="Stream On">
Off
    </defSwitch>
    <defSwitch name="STREAM_OFF" label="Stream Off">
On
    </defSwitch>
</defSwitchVector>

<defNumberVector device="CCD Simulator" name="STREAM_DELAY" label="Video Stream Delay" group="Streaming" state="Idle" perm="ro" timeout="0" timestamp="2025-03-11T12:43:07">
    <defNumber name="STREAM_DELAY_TIME" label="Delay (s)" format="%.3f" min="0" max="60" step="0.0010000000000000000208">
0
    </defNumber>
</defNumberVector>
<defNumberVector device="CCD Simulator" name="STREAMING_EXPOSURE" label="Expose" group="Streaming" state="Idle" perm="rw" timeout="60" timestamp="2025-03-11T12:43:07">
    <defNumber name="STREAMING_EXPOSURE_VALUE" label="Duration (s)" format="%.6f" min="9.9999999999999995475e-07" max="60" step="0.10000000000000000555">
0.10000000000000000555
    </defNumber>
    <defNumber name="STREAMING_DIVISOR_VALUE" label="Divisor" format="%.f" min="1" max="15" step="1">
1
    </defNumber>
</defNumberVector>
<defNumberVector device="CCD Simulator" name="FPS" label="FPS" group="Streaming" state="Idle" perm="ro" timeout="60" timestamp="2025-03-11T12:43:07">
    <defNumber name="EST_FPS" label="Instant." format="%.2f" min="0" max="999" step="0">
30
    </defNumber>
    <defNumber name="AVG_FPS" label="Average (1 sec.)" format="%.2f" min="0" max="999" step="0">
30
    </defNumber>
</defNumberVector>
<defSwitchVector device="CCD Simulator" name="RECORD_STREAM" label="Video Record" group="Streaming" state="Idle" perm="rw" rule="OneOfMany" timeout="0" timestamp="2025-03-11T12:43:07">
    <defSwitch name="RECORD_ON" label="Record On">
Off
    </defSwitch>
    <defSwitch name="RECORD_DURATION_ON" label="Record (Duration)">
Off
    </defSwitch>
    <defSwitch name="RECORD_FRAME_ON" label="Record (Frames)">
Off
    </defSwitch>
    <defSwitch name="RECORD_OFF" label="Record Off">
On
    </defSwitch>
</defSwitchVector>
<defTextVector device="CCD Simulator" name="RECORD_FILE" label="Record File" group="Streaming" state="Idle" perm="rw" timeout="0" timestamp="2025-03-11T12:43:07">
    <defText name="RECORD_FILE_DIR" label="Dir.">
/home/indi/Videos/indi__D_
    </defText>
    <defText name="RECORD_FILE_NAME" label="Name">
indi_record__T_
    </defText>
</defTextVector>
<defNumberVector device="CCD Simulator" name="RECORD_OPTIONS" label="Record Options" group="Streaming" state="Idle" perm="rw" timeout="60" timestamp="2025-03-11T12:43:07">
    <defNumber name="RECORD_DURATION" label="Duration (sec)" format="%.3f" min="0.0010000000000000000208" max="999999" step="0">
1
    </defNumber>
    <defNumber name="RECORD_FRAME_TOTAL" label="Frames" format="%.f" min="1" max="999999999" step="1">
30
    </defNumber>
</defNumberVector>
<defNumberVector device="CCD Simulator" name="CCD_STREAM_FRAME" label="Frame" group="Streaming" state="Idle" perm="rw" timeout="60" timestamp="2025-03-11T12:43:07">
    <defNumber name="X" label="Left" format="%.f" min="0" max="0" step="0">
0
    </defNumber>
    <defNumber name="Y" label="Top" format="%.f" min="0" max="0" step="0">
0
    </defNumber>
    <defNumber name="WIDTH" label="Width" format="%.f" min="0" max="0" step="0">
0
    </defNumber>
    <defNumber name="HEIGHT" label="Height" format="%.f" min="0" max="0" step="0">
0
    </defNumber>
</defNumberVector>
<defSwitchVector device="CCD Simulator" name="CCD_STREAM_ENCODER" label="Encoder" group="Streaming" state="Idle" perm="rw" rule="OneOfMany" timeout="0" timestamp="2025-03-11T12:43:07">
    <defSwitch name="RAW" label="RAW">
On
    </defSwitch>
    <defSwitch name="MJPEG" label="MJPEG">
Off
    </defSwitch>
</defSwitchVector>
<defSwitchVector device="CCD Simulator" name="CCD_STREAM_RECORDER" label="Recorder" group="Streaming" state="Idle" perm="rw" rule="OneOfMany" timeout="0" timestamp="2025-03-11T12:43:07">
    <defSwitch name="SER" label="SER">
On
    </defSwitch>
</defSwitchVector>
<defNumberVector device="CCD Simulator" name="LIMITS" label="Limits" group="Streaming" state="Idle" perm="rw" timeout="0" timestamp="2025-03-11T12:43:07">
    <defNumber name="LIMITS_BUFFER_MAX" label="Maximum Buffer Size (MB)" format="%.0f" min="1" max="65536" step="1">
512
    </defNumber>
    <defNumber name="LIMITS_PREVIEW_FPS" label="Maximum Preview FPS" format="%.0f" min="1" max="120" step="1">
10
    </defNumber>
</defNumberVector>
<defSwitchVector device="CCD Simulator" name="DSP_ACTIVATE_CONVOLUTION" label="Convolution" group="Signal Processing" state="Idle" perm="rw" rule="OneOfMany" timeout="60" timestamp="2025-03-11T12:43:07">
    <defSwitch name="DSP_ACTIVATE_ON" label="On">
Off
    </defSwitch>
    <defSwitch name="DSP_ACTIVATE_OFF" label="Off">
On
    </defSwitch>
</defSwitchVector>
<defSwitchVector device="CCD Simulator" name="DSP_ACTIVATE_DFT" label="DFT" group="Signal Processing" state="Idle" perm="rw" rule="OneOfMany" timeout="60" timestamp="2025-03-11T12:43:07">
    <defSwitch name="DSP_ACTIVATE_ON" label="On">
Off
    </defSwitch>
    <defSwitch name="DSP_ACTIVATE_OFF" label="Off">
On
    </defSwitch>
</defSwitchVector>
<defSwitchVector device="CCD Simulator" name="DSP_ACTIVATE_IDFT" label="IDFT" group="Signal Processing" state="Idle" perm="rw" rule="OneOfMany" timeout="60" timestamp="2025-03-11T12:43:07">
    <defSwitch name="DSP_ACTIVATE_ON" label="On">
Off
    </defSwitch>
    <defSwitch name="DSP_ACTIVATE_OFF" label="Off">
On
    </defSwitch>
</defSwitchVector>
<defSwitchVector device="CCD Simulator" name="DSP_ACTIVATE_SPECTRUM" label="Spectrum" group="Signal Processing" state="Idle" perm="rw" rule="OneOfMany" timeout="60" timestamp="2025-03-11T12:43:07">
    <defSwitch name="DSP_ACTIVATE_ON" label="On">
Off
    </defSwitch>
    <defSwitch name="DSP_ACTIVATE_OFF" label="Off">
On
    </defSwitch>
</defSwitchVector>
<defSwitchVector device="CCD Simulator" name="DSP_ACTIVATE_HISTOGRAM" label="Histogram" group="Signal Processing" state="Idle" perm="rw" rule="OneOfMany" timeout="60" timestamp="2025-03-11T12:43:07">
    <defSwitch name="DSP_ACTIVATE_ON" label="On">
Off
    </defSwitch>
    <defSwitch name="DSP_ACTIVATE_OFF" label="Off">
On
    </defSwitch>
</defSwitchVector>
<defSwitchVector device="CCD Simulator" name="DSP_ACTIVATE_WAVELETS" label="Wavelets" group="Signal Processing" state="Idle" perm="rw" rule="OneOfMany" timeout="60" timestamp="2025-03-11T12:43:07">
    <defSwitch name="DSP_ACTIVATE_ON" label="On">
Off
    </defSwitch>
    <defSwitch name="DSP_ACTIVATE_OFF" label="Off">
On
    </defSwitch>
</defSwitchVector>
<defSwitchVector device="CCD Simulator" name="CCD_COOLER" label="Cooler" group="Main Control" state="Idle" perm="wo" rule="OneOfMany" timeout="0" timestamp="2025-03-11T12:43:07">
    <defSwitch name="COOLER_ON" label="ON">
Off
    </defSwitch>
    <defSwitch name="COOLER_OFF" label="OFF">
On
    </defSwitch>
</defSwitchVector>
<defNumberVector device="CCD Simulator" name="CCD_GAIN" label="Gain" group="Main Control" state="Idle" perm="rw" timeout="60" timestamp="2025-03-11T12:43:07">
    <defNumber name="GAIN" label="value" format="%.f" min="0" max="300" step="10">
90
    </defNumber>
</defNumberVector>
<defNumberVector device="CCD Simulator" name="CCD_OFFSET" label="Offset" group="Main Control" state="Idle" perm="rw" timeout="60" timestamp="2025-03-11T12:43:07">
    <defNumber name="OFFSET" label="value" format="%.f" min="0" max="6000" step="500">
0
    </defNumber>
</defNumberVector>
<defTextVector device="CCD Simulator" name="CCD_DIRECTORY_LOCATION" label="Directory" group="Simulator Config" state="Idle" perm="rw" timeout="60" timestamp="2025-03-11T12:43:07">
    <defText name="LOCATION" label="Location">
/home/indi
    </defText>
</defTextVector>
<defSwitchVector device="CCD Simulator" name="CCD_DIRECTORY_TOGGLE" label="Use Dir." group="Simulator Config" state="Idle" perm="rw" rule="OneOfMany" timeout="60" timestamp="2025-03-11T12:43:07">
    <defSwitch name="INDI_ENABLED" label="Enabled">
Off
    </defSwitch>
    <defSwitch name="INDI_DISABLED" label="Disabled">
On
    </defSwitch>
</defSwitchVector>
<defSwitchVector device="CCD Simulator" name="CCD_RESOLUTION" label="Resolution" group="Simulator Config" state="Idle" perm="rw" rule="OneOfMany" timeout="60" timestamp="2025-03-11T12:43:07">
    <defSwitch name="1280 x 1024" label="1280 x 1024">
On
    </defSwitch>
    <defSwitch name="6000 x 4000" label="6000 x 4000">
Off
    </defSwitch>
    <defSwitch name="Custom" label="Custom">
Off
    </defSwitch>
</defSwitchVector>
<setNumberVector device="CCD Simulator" name="CCD_INFO" state="Idle" timeout="60" timestamp="2025-03-11T12:43:07">
    <oneNumber name="CCD_MAX_X">
1280
    </oneNumber>
    <oneNumber name="CCD_MAX_Y">
1024
    </oneNumber>
    <oneNumber name="CCD_PIXEL_SIZE">
0
    </oneNumber>
    <oneNumber name="CCD_PIXEL_SIZE_X">
0
    </oneNumber>
    <oneNumber name="CCD_PIXEL_SIZE_Y">
0
    </oneNumber>
    <oneNumber name="CCD_BITSPERPIXEL">
0
    </oneNumber>
</setNumberVector>
<setNumberVector device="CCD Simulator" name="CCD_FRAME" state="Idle" timeout="60" timestamp="2025-03-11T12:43:07">
    <oneNumber name="X" min="0" max="1279" step="0">
0
    </oneNumber>
    <oneNumber name="Y" min="0" max="1023" step="0">
0
    </oneNumber>
    <oneNumber name="WIDTH" min="1" max="1280" step="0">
0
    </oneNumber>
    <oneNumber name="HEIGHT" min="1" max="1024" step="0">
0
    </oneNumber>
</setNumberVector>
<setNumberVector device="CCD Simulator" name="CCD_FRAME" state="Idle" timeout="60" timestamp="2025-03-11T12:43:07">
    <oneNumber name="X">
0
    </oneNumber>
    <oneNumber name="Y">
0
    </oneNumber>
    <oneNumber name="WIDTH">
1280
    </oneNumber>
    <oneNumber name="HEIGHT">
1024
    </oneNumber>
</setNumberVector>
<setNumberVector device="CCD Simulator" name="CCD_BINNING" state="Idle" timeout="60" timestamp="2025-03-11T12:43:07">
    <oneNumber name="HOR_BIN">
1
    </oneNumber>
    <oneNumber name="VER_BIN">
1
    </oneNumber>
</setNumberVector>
<setNumberVector device="CCD Simulator" name="CCD_INFO" state="Idle" timeout="60" timestamp="2025-03-11T12:43:07">
    <oneNumber name="CCD_MAX_X">
1280
    </oneNumber>
    <oneNumber name="CCD_MAX_Y">
1024
    </oneNumber>
    <oneNumber name="CCD_PIXEL_SIZE">
5.1999998092651367188
    </oneNumber>
    <oneNumber name="CCD_PIXEL_SIZE_X">
5.1999998092651367188
    </oneNumber>
    <oneNumber name="CCD_PIXEL_SIZE_Y">
5.1999998092651367188
    </oneNumber>
    <oneNumber name="CCD_BITSPERPIXEL">
0
    </oneNumber>
</setNumberVector>
<setNumberVector device="CCD Simulator" name="CCD_INFO" state="Idle" timeout="60" timestamp="2025-03-11T12:43:07">
    <oneNumber name="CCD_MAX_X">
1280
    </oneNumber>
    <oneNumber name="CCD_MAX_Y">
1024
    </oneNumber>
    <oneNumber name="CCD_PIXEL_SIZE">
5.1999998092651367188
    </oneNumber>
    <oneNumber name="CCD_PIXEL_SIZE_X">
5.1999998092651367188
    </oneNumber>
    <oneNumber name="CCD_PIXEL_SIZE_Y">
5.1999998092651367188
    </oneNumber>
    <oneNumber name="CCD_BITSPERPIXEL">
16
    </oneNumber>
</setNumberVector>
<setNumberVector device="CCD Simulator" name="CCD_STREAM_FRAME" state="Ok" timeout="60" timestamp="2025-03-11T12:43:07">
    <oneNumber name="X" min="0" max="1279" step="0">
0
    </oneNumber>
    <oneNumber name="Y" min="0" max="1023" step="0">
0
    </oneNumber>
    <oneNumber name="WIDTH" min="10" max="1280" step="0">
1280
    </oneNumber>
    <oneNumber name="HEIGHT" min="10" max="1024" step="0">
1024
    </oneNumber>
</setNumberVector>
<setNumberVector device="CCD Simulator" name="GUIDER_INFO" state="Idle" timeout="60" timestamp="2025-03-11T12:43:07">
    <oneNumber name="CCD_MAX_X">
500
    </oneNumber>
    <oneNumber name="CCD_MAX_Y">
290
    </oneNumber>
    <oneNumber name="CCD_PIXEL_SIZE">
0
    </oneNumber>
    <oneNumber name="CCD_PIXEL_SIZE_X">
0
    </oneNumber>
    <oneNumber name="CCD_PIXEL_SIZE_Y">
0
    </oneNumber>
    <oneNumber name="CCD_BITSPERPIXEL">
0
    </oneNumber>
</setNumberVector>
<setNumberVector device="CCD Simulator" name="GUIDER_FRAME" state="Idle" timeout="60" timestamp="2025-03-11T12:43:07">
    <oneNumber name="X" min="0" max="499" step="0">
0
    </oneNumber>
    <oneNumber name="Y" min="0" max="289" step="0">
0
    </oneNumber>
    <oneNumber name="WIDTH" min="1" max="500" step="0">
0
    </oneNumber>
    <oneNumber name="HEIGHT" min="1" max="290" step="0">
0
    </oneNumber>
</setNumberVector>
<setNumberVector device="CCD Simulator" name="GUIDER_FRAME" state="Idle" timeout="60" timestamp="2025-03-11T12:43:07">
    <oneNumber name="X">
0
    </oneNumber>
    <oneNumber name="Y">
0
    </oneNumber>
    <oneNumber name="WIDTH">
500
    </oneNumber>
    <oneNumber name="HEIGHT">
290
    </oneNumber>
</setNumberVector>
<setNumberVector device="CCD Simulator" name="GUIDER_INFO" state="Idle" timeout="60" timestamp="2025-03-11T12:43:07">
    <oneNumber name="CCD_MAX_X">
500
    </oneNumber>
    <oneNumber name="CCD_MAX_Y">
290
    </oneNumber>
    <oneNumber name="CCD_PIXEL_SIZE">
9.8000001907348632812
    </oneNumber>
    <oneNumber name="CCD_PIXEL_SIZE_X">
9.8000001907348632812
    </oneNumber>
    <oneNumber name="CCD_PIXEL_SIZE_Y">
12.600000381469726562
    </oneNumber>
    <oneNumber name="CCD_BITSPERPIXEL">
0
    </oneNumber>
</setNumberVector>
<setNumberVector device="CCD Simulator" name="GUIDER_INFO" state="Idle" timeout="60" timestamp="2025-03-11T12:43:07">
    <oneNumber name="CCD_MAX_X">
500
    </oneNumber>
    <oneNumber name="CCD_MAX_Y">
290
    </oneNumber>
    <oneNumber name="CCD_PIXEL_SIZE">
9.8000001907348632812
    </oneNumber>
    <oneNumber name="CCD_PIXEL_SIZE_X">
9.8000001907348632812
    </oneNumber>
    <oneNumber name="CCD_PIXEL_SIZE_Y">
12.600000381469726562
    </oneNumber>
    <oneNumber name="CCD_BITSPERPIXEL">
16
    </oneNumber>
</setNumberVector>
<defNumberVector device="CCD Simulator" name="FILTER_SLOT" label="Filter Slot" group="Filter Wheel" state="Idle" perm="rw" timeout="60" timestamp="2025-03-11T12:43:07">
    <defNumber name="FILTER_SLOT_VALUE" label="Filter" format="%3.0f" min="1" max="8" step="1">
1
    </defNumber>
</defNumberVector>

<defTextVector device="CCD Simulator" name="FILTER_NAME" label="Filter" group="Filter Wheel" state="Idle" perm="rw" timeout="0" timestamp="2025-03-11T12:43:07">
    <defText name="FILTER_SLOT_NAME_1" label="Luminance">
Luminance
    </defText>
    <defText name="FILTER_SLOT_NAME_2" label="Red">
Red
    </defText>
    <defText name="FILTER_SLOT_NAME_3" label="Green">
Green
    </defText>
    <defText name="FILTER_SLOT_NAME_4" label="Blue">
Blue
    </defText>
    <defText name="FILTER_SLOT_NAME_5" label="Ha">
Ha
    </defText>
    <defText name="FILTER_SLOT_NAME_6" label="SII">
SII
    </defText>
    <defText name="FILTER_SLOT_NAME_7" label="OIII">
OIII
    </defText>
    <defText name="FILTER_SLOT_NAME_8" label="Dark">
Dark
    </defText>
</defTextVector>
